<?xml version="1.0" encoding="UTF-8"?>
<!-- Generated by org.testng.reporters.JUnitXMLReporter -->
<testsuite ignored="4" hostname="INLPF36YZ5S" failures="0" tests="2" name="All Labels FST" time="68.259" errors="0" timestamp="2022-08-10T17:40:01 IST">
  <testcase classname="Execution.ExecutionEngine" name="AlllabelsFST" time="37.574"/>
  <testcase classname="Execution.ExecutionEngine2" name="AlllabelsFST" time="27.696"/>
  <testcase classname="BaseEngine.baseEngine" name="@AfterTest closeBrowser" time="0.0">
    <ignored/>
  </testcase> <!-- @AfterTest closeBrowser -->
  <testcase classname="BaseEngine.baseEngine" name="@BeforeTest browserLaunch" time="0.0">
    <ignored/>
  </testcase> <!-- @BeforeTest browserLaunch -->
  <testcase classname="BaseEngine.baseEngine" name="@AfterSuite shutDown" time="0.0">
    <ignored/>
  </testcase> <!-- @AfterSuite shutDown -->
  <testcase classname="BaseEngine.baseEngine" name="@BeforeSuite setUp" time="0.0">
    <ignored/>
  </testcase> <!-- @BeforeSuite setUp -->
</testsuite> <!-- All Labels FST -->
