<?xml version="1.0" encoding="UTF-8"?>
<testsuite name="Danskespil Bingo"
           tests="1"
           failures="1"
           errors="0"
           skipped="0"
           time="293.046">
  <properties />
            <testcase name="danskespilBingo" time="293.046" classname="danskespil.Danskespil_FST">
                <failure type="org.openqa.selenium.ElementClickInterceptedException"
                  message="element click intercepted: Element &lt;iframe class=&quot;iframe-element&quot; scrolling=&quot;no&quot; src=&quot;https://bingo.danskespil.dk/danskespil/index.html?env=prod&amp;amp;gameType=Bingo&amp;amp;ballType=75&amp;amp;launchType=REGULAR&amp;amp;gameIcon=http://scmedia.cms.test.env.works%2F$-$%2F0461318380484ed4a287dfe97f25790d.jpg&amp;amp;provider=GVCCZ&amp;amp;vendor=GVCCZ&amp;amp;gameId=182&amp;amp;gameName=Bingostuen&amp;amp;userIp=10.88.8.65&amp;amp;currency=DKK&amp;amp;channelName=WC&amp;amp;hostUrl=https%3a%2f%2fdanskespil.dk%2fbingo&amp;amp;homeUrl=https%3a%2f%2fdanskespil.dk%2fbingo&amp;amp;portalApiBaseUrl=https%3a%2f%2fdanskespil.dk%2fdli%2fscapi%2fdanskespil%2fgamevendorgvc%2f&amp;amp;lobbyUrl=https%3a%2f%2fdanskespil.dk%2fbingo%2fstandalone-lobby&amp;amp;promotionUrl=&amp;amp;globalSearchUrl=https://danskespil.dk/bingo/standalone-globalsearch&amp;amp;minigameHosturl=https://casinospil.danskespil.dk&amp;amp;logoutUrl=https%3a%2f%2fdanskespil.dk%2fdli%2fscapi%2fds%2fauthentification%2flogout&amp;amp;depositUrl=https%3a%2f%2fdanskespil.dk%2fblaa-konto%2findbetaling%3fdsApplicationId%3dGVC_BINGO_DEPOSIT&amp;amp;prebuyUrl=https%3a%2f%2fdanskespil.dk%2fbingo%2fstandalone-prebuy&amp;amp;helpUrl=https%3a%2f%2fdanskespil.dk%2fbingo%2fhjaelp-til-klient%3fdsApplicationId%3dGVC_BINGO_WEBSITE&amp;amp;tandcUrl=https%3a%2f%2fdanskespil.dk%2fspil-med-omtanke%2fansvarligt-spil&amp;amp;profileUrl=https%3a%2f%2fdanskespil.dk%2fblaa-konto%2fmine-oplysninger&amp;amp;wlKey=GVCCZ&amp;amp;language=da_DK&amp;amp;favstatus=false&amp;amp;brandId=DANSKESPIL&amp;amp;casinoUrl=https://casino.danskespil.dk&amp;amp;pLang=da&amp;amp;isNew=true&amp;amp;isExclusive=false&amp;amp;playeR_BIO_COUNTRY=DA&amp;amp;featureType=bingo&amp;amp;tStamp=24&amp;amp;Launchurl=https://bingo.danskespil.dk/bingo/danskespil/index.html?game_name%3dbingo%26bingoType%3d75%26chatRoomId%3d232%26stream_id%3d182%26stream_name%3dBingostuen%26wl_key%3dDSGVCCZ%26gameType%3dbingo%26version%3d3%26token%3d150e0086-5980-499d-98d9-46a3b186defb%26language%3dda_DK%26currency%3dCash_GBP%26RealityCheckFrequency%3d%25reality_check_frequency%26themeid%3dCCD_Bingostuen%26bingo_variant%3dbingo%26socket_version%3d1%26sit_n_go%3d0%26livestream%3d%26server_id%3dzeus-server%3aie1p4xrzgf009%3a11431%26variant%3dzb%26account_id%3d5965764%26chat_host_account%3dFalse%26presenter_account%3dFalse%26channelId%3dWC%26ip%3d83.94.118.11%26pLang%3dda_DK%26pcurrency%3dDKK&amp;amp;sessionKey=Q2BAgVI6hC20RNH2lB5hajwf8cij0TPIZG0dYCzX87cgFD-07vU2oOx01YZwlpVfUvlWCFM0aNK6qhW35vGoDwEQOtORGf9SQb6WsjfTDeGV5dww2ZPEYp9-IMUzM0dgz95dwrxQ5Mold1otHQjQReDCf5AOUV38CpH79DRYIC14Vc9aKod_j6xKVWIxXy5JPtaVuKVEM8c5JZIXTB5N_ddSAbiPaKkcqyXRg46Kx4j3tPUnslqZybOz3UC8DGA-&amp;amp;firstName=hulkyman&amp;amp;aliasName=hulkyman&amp;amp;accountId=122473851&quot; cd_frame_id_=&quot;57a609323fe1d82b6b912773f9d873a7&quot;&gt;&lt;/iframe&gt; is not clickable at point (22, 93). Other element would receive the click: &lt;nav class=&quot;brand-nav&quot;&gt;...&lt;/nav&gt;
  (Session info: chrome=124.0.6367.91)
Build info: version: &apos;3.141.59&apos;, revision: &apos;e82be7d358&apos;, time: &apos;2018-11-14T08:17:03&apos;
System info: host: &apos;INLPF37BZVM&apos;, ip: &apos;10.51.0.227&apos;, os.name: &apos;Windows 10&apos;, os.arch: &apos;amd64&apos;, os.version: &apos;10.0&apos;, java.version: &apos;17.0.4.1&apos;
Driver info: org.openqa.selenium.chrome.ChromeDriver
Capabilities {acceptInsecureCerts: false, browserName: chrome, browserVersion: 124.0.6367.91, chrome: {chromedriverVersion: 123.0.6312.122 (31f8248cdd9..., userDataDir: C:\Users\KRISHN~1.PER\AppDa...}, fedcm:accounts: true, goog:chromeOptions: {debuggerAddress: localhost:53352}, javascriptEnabled: true, networkConnectionEnabled: false, pageLoadStrategy: normal, platform: WINDOWS, platformName: WINDOWS, proxy: Proxy(), setWindowRect: true, strictFileInteractability: false, timeouts: {implicit: 0, pageLoad: 300000, script: 30000}, unhandledPromptBehavior: dismiss and notify, webauthn:extension:credBlob: true, webauthn:extension:largeBlob: true, webauthn:extension:minPinLength: true, webauthn:extension:prf: true, webauthn:virtualAuthenticators: true}
Session ID: e723cababa1303bf9f1eb1438da9eba6"
              >
<![CDATA[org.openqa.selenium.ElementClickInterceptedException: element click intercepted: Element <iframe class="iframe-element" scrolling="no" src="https://bingo.danskespil.dk/danskespil/index.html?env=prod&amp;gameType=Bingo&amp;ballType=75&amp;launchType=REGULAR&amp;gameIcon=http://scmedia.cms.test.env.works%2F$-$%2F0461318380484ed4a287dfe97f25790d.jpg&amp;provider=GVCCZ&amp;vendor=GVCCZ&amp;gameId=182&amp;gameName=Bingostuen&amp;userIp=10.88.8.65&amp;currency=DKK&amp;channelName=WC&amp;hostUrl=https%3a%2f%2fdanskespil.dk%2fbingo&amp;homeUrl=https%3a%2f%2fdanskespil.dk%2fbingo&amp;portalApiBaseUrl=https%3a%2f%2fdanskespil.dk%2fdli%2fscapi%2fdanskespil%2fgamevendorgvc%2f&amp;lobbyUrl=https%3a%2f%2fdanskespil.dk%2fbingo%2fstandalone-lobby&amp;promotionUrl=&amp;globalSearchUrl=https://danskespil.dk/bingo/standalone-globalsearch&amp;minigameHosturl=https://casinospil.danskespil.dk&amp;logoutUrl=https%3a%2f%2fdanskespil.dk%2fdli%2fscapi%2fds%2fauthentification%2flogout&amp;depositUrl=https%3a%2f%2fdanskespil.dk%2fblaa-konto%2findbetaling%3fdsApplicationId%3dGVC_BINGO_DEPOSIT&amp;prebuyUrl=https%3a%2f%2fdanskespil.dk%2fbingo%2fstandalone-prebuy&amp;helpUrl=https%3a%2f%2fdanskespil.dk%2fbingo%2fhjaelp-til-klient%3fdsApplicationId%3dGVC_BINGO_WEBSITE&amp;tandcUrl=https%3a%2f%2fdanskespil.dk%2fspil-med-omtanke%2fansvarligt-spil&amp;profileUrl=https%3a%2f%2fdanskespil.dk%2fblaa-konto%2fmine-oplysninger&amp;wlKey=GVCCZ&amp;language=da_DK&amp;favstatus=false&amp;brandId=DANSKESPIL&amp;casinoUrl=https://casino.danskespil.dk&amp;pLang=da&amp;isNew=true&amp;isExclusive=false&amp;playeR_BIO_COUNTRY=DA&amp;featureType=bingo&amp;tStamp=24&amp;Launchurl=https://bingo.danskespil.dk/bingo/danskespil/index.html?game_name%3dbingo%26bingoType%3d75%26chatRoomId%3d232%26stream_id%3d182%26stream_name%3dBingostuen%26wl_key%3dDSGVCCZ%26gameType%3dbingo%26version%3d3%26token%3d150e0086-5980-499d-98d9-46a3b186defb%26language%3dda_DK%26currency%3dCash_GBP%26RealityCheckFrequency%3d%25reality_check_frequency%26themeid%3dCCD_Bingostuen%26bingo_variant%3dbingo%26socket_version%3d1%26sit_n_go%3d0%26livestream%3d%26server_id%3dzeus-server%3aie1p4xrzgf009%3a11431%26variant%3dzb%26account_id%3d5965764%26chat_host_account%3dFalse%26presenter_account%3dFalse%26channelId%3dWC%26ip%3d83.94.118.11%26pLang%3dda_DK%26pcurrency%3dDKK&amp;sessionKey=Q2BAgVI6hC20RNH2lB5hajwf8cij0TPIZG0dYCzX87cgFD-07vU2oOx01YZwlpVfUvlWCFM0aNK6qhW35vGoDwEQOtORGf9SQb6WsjfTDeGV5dww2ZPEYp9-IMUzM0dgz95dwrxQ5Mold1otHQjQReDCf5AOUV38CpH79DRYIC14Vc9aKod_j6xKVWIxXy5JPtaVuKVEM8c5JZIXTB5N_ddSAbiPaKkcqyXRg46Kx4j3tPUnslqZybOz3UC8DGA-&amp;firstName=hulkyman&amp;aliasName=hulkyman&amp;accountId=122473851" cd_frame_id_="57a609323fe1d82b6b912773f9d873a7"></iframe> is not clickable at point (22, 93). Other element would receive the click: <nav class="brand-nav">...</nav>
  (Session info: chrome=124.0.6367.91)
Build info: version: '3.141.59', revision: 'e82be7d358', time: '2018-11-14T08:17:03'
System info: host: 'INLPF37BZVM', ip: '10.51.0.227', os.name: 'Windows 10', os.arch: 'amd64', os.version: '10.0', java.version: '17.0.4.1'
Driver info: org.openqa.selenium.chrome.ChromeDriver
Capabilities {acceptInsecureCerts: false, browserName: chrome, browserVersion: 124.0.6367.91, chrome: {chromedriverVersion: 123.0.6312.122 (31f8248cdd9..., userDataDir: C:\Users\KRISHN~1.PER\AppDa...}, fedcm:accounts: true, goog:chromeOptions: {debuggerAddress: localhost:53352}, javascriptEnabled: true, networkConnectionEnabled: false, pageLoadStrategy: normal, platform: WINDOWS, platformName: WINDOWS, proxy: Proxy(), setWindowRect: true, strictFileInteractability: false, timeouts: {implicit: 0, pageLoad: 300000, script: 30000}, unhandledPromptBehavior: dismiss and notify, webauthn:extension:credBlob: true, webauthn:extension:largeBlob: true, webauthn:extension:minPinLength: true, webauthn:extension:prf: true, webauthn:virtualAuthenticators: true}
Session ID: e723cababa1303bf9f1eb1438da9eba6
  java.base/jdk.internal.reflect.NativeConstructorAccessorImpl.newInstance0(Native Method)
  java.base/jdk.internal.reflect.NativeConstructorAccessorImpl.newInstance(NativeConstructorAccessorImpl.java:77)
  java.base/jdk.internal.reflect.DelegatingConstructorAccessorImpl.newInstance(DelegatingConstructorAccessorImpl.java:45)
  java.base/java.lang.reflect.Constructor.newInstanceWithCaller(Constructor.java:499)
  java.base/java.lang.reflect.Constructor.newInstance(Constructor.java:480)
  org.openqa.selenium.remote.http.W3CHttpResponseCodec.createException(W3CHttpResponseCodec.java:187)
  org.openqa.selenium.remote.http.W3CHttpResponseCodec.decode(W3CHttpResponseCodec.java:122)
  org.openqa.selenium.remote.http.W3CHttpResponseCodec.decode(W3CHttpResponseCodec.java:49)
  org.openqa.selenium.remote.HttpCommandExecutor.execute(HttpCommandExecutor.java:158)
  org.openqa.selenium.remote.service.DriverCommandExecutor.execute(DriverCommandExecutor.java:83)
  org.openqa.selenium.remote.RemoteWebDriver.execute(RemoteWebDriver.java:552)
  org.openqa.selenium.remote.RemoteWebElement.execute(RemoteWebElement.java:285)
  org.openqa.selenium.remote.RemoteWebElement.click(RemoteWebElement.java:84)
  reusables.Windows.winnerSummary(Windows.java:700)
  danskespil.Danskespil_FST.danskespilBingo(Danskespil_FST.java:70)
  java.base/jdk.internal.reflect.NativeMethodAccessorImpl.invoke0(Native Method)
  java.base/jdk.internal.reflect.NativeMethodAccessorImpl.invoke(NativeMethodAccessorImpl.java:77)
  java.base/jdk.internal.reflect.DelegatingMethodAccessorImpl.invoke(DelegatingMethodAccessorImpl.java:43)
  java.base/java.lang.reflect.Method.invoke(Method.java:568)
  org.testng.internal.invokers.MethodInvocationHelper.invokeMethod(MethodInvocationHelper.java:139)
  org.testng.internal.invokers.TestInvoker.invokeMethod(TestInvoker.java:664)
  org.testng.internal.invokers.TestInvoker.invokeTestMethod(TestInvoker.java:227)
  org.testng.internal.invokers.MethodRunner.runInSequence(MethodRunner.java:50)
  org.testng.internal.invokers.TestInvoker$MethodInvocationAgent.invoke(TestInvoker.java:957)
  org.testng.internal.invokers.TestInvoker.invokeTestMethods(TestInvoker.java:200)
  org.testng.internal.invokers.TestMethodWorker.invokeTestMethods(TestMethodWorker.java:148)
  org.testng.internal.invokers.TestMethodWorker.run(TestMethodWorker.java:128)
  java.base/java.util.ArrayList.forEach(ArrayList.java:1511)
  org.testng.TestRunner.privateRun(TestRunner.java:848)
  org.testng.TestRunner.run(TestRunner.java:621)
  org.testng.SuiteRunner.runTest(SuiteRunner.java:443)
  org.testng.SuiteRunner.runSequentially(SuiteRunner.java:437)
  org.testng.SuiteRunner.privateRun(SuiteRunner.java:397)
  org.testng.SuiteRunner.run(SuiteRunner.java:336)
  org.testng.SuiteRunnerWorker.runSuite(SuiteRunnerWorker.java:52)
  org.testng.SuiteRunnerWorker.run(SuiteRunnerWorker.java:95)
  org.testng.TestNG.runSuitesSequentially(TestNG.java:1280)
  org.testng.TestNG.runSuitesLocally(TestNG.java:1200)
  org.testng.TestNG.runSuites(TestNG.java:1114)
  org.testng.TestNG.run(TestNG.java:1082)
  org.testng.remote.AbstractRemoteTestNG.run(AbstractRemoteTestNG.java:115)
  org.testng.remote.RemoteTestNG.initAndRun(RemoteTestNG.java:251)
  org.testng.remote.RemoteTestNG.main(RemoteTestNG.java:77)
]]>
      </failure>

          </testcase>
  
  
  
</testsuite>
